<?xml version="1.0" encoding="UTF-8" ?>
<testsuite failures="0" time="0.714" errors="0" skipped="0" tests="5" name="net.ahm.activemeasure.medicalcase.year2015.aetnameasures.Average_Length_of_Stay_2015.DenomExclDiagRelatedGroupCodeTest">
  <properties>
    <property name="java.runtime.name" value="Java(TM) SE Runtime Environment"/>
    <property name="sun.boot.library.path" value="/usr/java/jdk1.7.0_76/jre/lib/amd64"/>
    <property name="java.vm.version" value="24.76-b04"/>
    <property name="java.vm.vendor" value="Oracle Corporation"/>
    <property name="maven.multiModuleProjectDirectory" value="/home/VBalraj/workspace_gitHub/sample"/>
    <property name="java.vendor.url" value="http://java.oracle.com/"/>
    <property name="path.separator" value=":"/>
    <property name="guice.disable.misplaced.annotation.check" value="true"/>
    <property name="java.vm.name" value="Java HotSpot(TM) 64-Bit Server VM"/>
    <property name="file.encoding.pkg" value="sun.io"/>
    <property name="user.country" value="US"/>
    <property name="sun.java.launcher" value="SUN_STANDARD"/>
    <property name="sun.os.patch.level" value="unknown"/>
    <property name="java.vm.specification.name" value="Java Virtual Machine Specification"/>
    <property name="user.dir" value="/home/VBalraj/workspace_gitHub/sample"/>
    <property name="java.runtime.version" value="1.7.0_76-b13"/>
    <property name="java.awt.graphicsenv" value="sun.awt.X11GraphicsEnvironment"/>
    <property name="java.endorsed.dirs" value="/usr/java/jdk1.7.0_76/jre/lib/endorsed"/>
    <property name="os.arch" value="amd64"/>
    <property name="java.io.tmpdir" value="/tmp"/>
    <property name="line.separator" value="
"/>
    <property name="java.vm.specification.vendor" value="Oracle Corporation"/>
    <property name="os.name" value="Linux"/>
    <property name="classworlds.conf" value="/home/VBalraj/workspace_gitHub/.metadata/.plugins/org.eclipse.m2e.launching/launches/m2conf3133918345483026721.tmp"/>
    <property name="sun.jnu.encoding" value="UTF-8"/>
    <property name="java.library.path" value="/usr/java/packages/lib/amd64:/usr/lib64:/lib64:/lib:/usr/lib"/>
    <property name="java.specification.name" value="Java Platform API Specification"/>
    <property name="java.class.version" value="51.0"/>
    <property name="sun.management.compiler" value="HotSpot 64-Bit Tiered Compilers"/>
    <property name="os.version" value="2.6.32-642.6.2.el6.x86_64"/>
    <property name="user.home" value="/home/VBalraj"/>
    <property name="user.timezone" value="America/New_York"/>
    <property name="java.awt.printerjob" value="sun.print.PSPrinterJob"/>
    <property name="file.encoding" value="UTF-8"/>
    <property name="java.specification.version" value="1.7"/>
    <property name="user.name" value="VBalraj"/>
    <property name="java.class.path" value="/home/VBalraj/Downloads/eclipse/plugins/org.eclipse.m2e.maven.runtime_1.6.2.20150902-0001/jars/plexus-classworlds-2.5.2.jar"/>
    <property name="java.vm.specification.version" value="1.7"/>
    <property name="sun.arch.data.model" value="64"/>
    <property name="java.home" value="/usr/java/jdk1.7.0_76/jre"/>
    <property name="sun.java.command" value="org.codehaus.plexus.classworlds.launcher.Launcher -B -s /home/VBalraj/workspace_gitHub/activemeasurecommon/settings.xml install"/>
    <property name="java.specification.vendor" value="Oracle Corporation"/>
    <property name="user.language" value="en"/>
    <property name="awt.toolkit" value="sun.awt.X11.XToolkit"/>
    <property name="java.vm.info" value="mixed mode"/>
    <property name="java.version" value="1.7.0_76"/>
    <property name="java.ext.dirs" value="/usr/java/jdk1.7.0_76/jre/lib/ext:/usr/java/packages/lib/ext"/>
    <property name="securerandom.source" value="file:/dev/./urandom"/>
    <property name="sun.boot.class.path" value="/usr/java/jdk1.7.0_76/jre/lib/resources.jar:/usr/java/jdk1.7.0_76/jre/lib/rt.jar:/usr/java/jdk1.7.0_76/jre/lib/sunrsasign.jar:/usr/java/jdk1.7.0_76/jre/lib/jsse.jar:/usr/java/jdk1.7.0_76/jre/lib/jce.jar:/usr/java/jdk1.7.0_76/jre/lib/charsets.jar:/usr/java/jdk1.7.0_76/jre/lib/jfr.jar:/usr/java/jdk1.7.0_76/jre/classes"/>
    <property name="java.vendor" value="Oracle Corporation"/>
    <property name="maven.home" value="/home/VBalraj/workspace_gitHub/sample/EMBEDDED"/>
    <property name="file.separator" value="/"/>
    <property name="java.vendor.url.bug" value="http://bugreport.sun.com/bugreport/"/>
    <property name="sun.cpu.endian" value="little"/>
    <property name="sun.io.unicode.encoding" value="UnicodeLittle"/>
    <property name="sun.desktop" value="gnome"/>
    <property name="sun.cpu.isalist" value=""/>
  </properties>
  <testcase time="0.068" classname="net.ahm.activemeasure.medicalcase.year2015.aetnameasures.Average_Length_of_Stay_2015.DenomExclDiagRelatedGroupCodeTest" name="testRuleFormat"/>
  <testcase time="0.468" classname="net.ahm.activemeasure.medicalcase.year2015.aetnameasures.Average_Length_of_Stay_2015.DenomExclDiagRelatedGroupCodeTest" name="testRuleSerialization"/>
  <testcase time="0.001" classname="net.ahm.activemeasure.medicalcase.year2015.aetnameasures.Average_Length_of_Stay_2015.DenomExclDiagRelatedGroupCodeTest" name="testGetUsedClasses"/>
  <testcase time="0.175" classname="net.ahm.activemeasure.medicalcase.year2015.aetnameasures.Average_Length_of_Stay_2015.DenomExclDiagRelatedGroupCodeTest" name="testRuleDeserialization"/>
  <testcase time="0.002" classname="net.ahm.activemeasure.medicalcase.year2015.aetnameasures.Average_Length_of_Stay_2015.DenomExclDiagRelatedGroupCodeTest" name="testGetExecutableExpressions"/>
</testsuite>